<?xml version="1.0" encoding="UTF-8"?>
<testsuite name="com.bancounion.prueba.BancoUnionApplicationTests" tests="1" skipped="0" failures="0" errors="0" timestamp="2023-05-26T00:23:51" hostname="192.168.0.17" time="0.129">
  <properties/>
  <testcase name="contextLoads()" classname="com.bancounion.prueba.BancoUnionApplicationTests" time="0.129"/>
  <system-out><![CDATA[19:23:46.410 [Test worker] DEBUG org.springframework.boot.test.context.SpringBootTestContextBootstrapper -- Neither @ContextConfiguration nor @ContextHierarchy found for test class [BancoUnionApplicationTests]: using SpringBootContextLoader
19:23:46.419 [Test worker] DEBUG org.springframework.test.context.support.AbstractContextLoader -- Could not detect default resource locations for test class [com.bancounion.prueba.BancoUnionApplicationTests]: no resource found for suffixes {-context.xml, Context.groovy}.
19:23:46.419 [Test worker] INFO org.springframework.test.context.support.AnnotationConfigContextLoaderUtils -- Could not detect default configuration classes for test class [com.bancounion.prueba.BancoUnionApplicationTests]: BancoUnionApplicationTests does not declare any static, non-private, non-final, nested classes annotated with @Configuration.
19:23:46.455 [Test worker] DEBUG org.springframework.boot.test.context.SpringBootTestContextBootstrapper -- Using ContextCustomizers for test class [BancoUnionApplicationTests]: [DisableObservabilityContextCustomizer, PropertyMappingContextCustomizer, Customizer, ExcludeFilterContextCustomizer, DuplicateJsonObjectContextCustomizer, MockitoContextCustomizer, TestRestTemplateContextCustomizer]
19:23:46.517 [Test worker] DEBUG org.springframework.context.annotation.ClassPathScanningCandidateComponentProvider -- Identified candidate component class: file [/Users/victorhernandez/Documents/pruebas_tecnicas_05_2023/Test-Banco-union/banco-union/build/classes/java/main/com/bancounion/prueba/BancoUnionApplication.class]
19:23:46.518 [Test worker] INFO org.springframework.boot.test.context.SpringBootTestContextBootstrapper -- Found @SpringBootConfiguration com.bancounion.prueba.BancoUnionApplication for test class com.bancounion.prueba.BancoUnionApplicationTests
19:23:46.602 [Test worker] DEBUG org.springframework.boot.test.context.SpringBootTestContextBootstrapper -- Using TestExecutionListeners for test class [BancoUnionApplicationTests]: [ServletTestExecutionListener, DirtiesContextBeforeModesTestExecutionListener, ApplicationEventsTestExecutionListener, MockitoTestExecutionListener, DependencyInjectionTestExecutionListener, DirtiesContextTestExecutionListener, TransactionalTestExecutionListener, SqlScriptsTestExecutionListener, EventPublishingTestExecutionListener, RestDocsTestExecutionListener, MockRestServiceServerResetTestExecutionListener, MockMvcPrintOnlyOnFailureTestExecutionListener, WebDriverTestExecutionListener, MockWebServiceServerTestExecutionListener, ResetMocksTestExecutionListener]
19:23:46.603 [Test worker] DEBUG org.springframework.test.context.support.AbstractDirtiesContextTestExecutionListener -- Before test class: class [BancoUnionApplicationTests], class annotated with @DirtiesContext [false] with mode [null]

  .   ____          _            __ _ _
 /\\ / ___'_ __ _ _(_)_ __  __ _ \ \ \ \
( ( )\___ | '_ | '_| | '_ \/ _` | \ \ \ \
 \\/  ___)| |_)| | | | | || (_| |  ) ) ) )
  '  |____| .__|_| |_|_| |_\__, | / / / /
 =========|_|==============|___/=/_/_/_/
 :: Spring Boot ::                (v3.0.6)

2023-05-25T19:23:46.903-05:00  INFO 88634 --- [    Test worker] c.b.prueba.BancoUnionApplicationTests    : Starting BancoUnionApplicationTests using Java 17.0.7 with PID 88634 (started by victorhernandez in /Users/victorhernandez/Documents/pruebas_tecnicas_05_2023/Test-Banco-union/banco-union)
2023-05-25T19:23:46.904-05:00  INFO 88634 --- [    Test worker] c.b.prueba.BancoUnionApplicationTests    : No active profile set, falling back to 1 default profile: "default"
2023-05-25T19:23:47.415-05:00  INFO 88634 --- [    Test worker] .s.d.r.c.RepositoryConfigurationDelegate : Bootstrapping Spring Data JPA repositories in DEFAULT mode.
2023-05-25T19:23:47.464-05:00  INFO 88634 --- [    Test worker] .s.d.r.c.RepositoryConfigurationDelegate : Finished Spring Data repository scanning in 42 ms. Found 2 JPA repository interfaces.
2023-05-25T19:23:47.806-05:00  INFO 88634 --- [    Test worker] o.hibernate.jpa.internal.util.LogHelper  : HHH000204: Processing PersistenceUnitInfo [name: default]
2023-05-25T19:23:47.842-05:00  INFO 88634 --- [    Test worker] org.hibernate.Version                    : HHH000412: Hibernate ORM core version 6.1.7.Final
2023-05-25T19:23:48.063-05:00  INFO 88634 --- [    Test worker] com.zaxxer.hikari.HikariDataSource       : HikariPool-1 - Starting...
2023-05-25T19:23:49.363-05:00  INFO 88634 --- [    Test worker] com.zaxxer.hikari.pool.HikariPool        : HikariPool-1 - Added connection com.mysql.cj.jdbc.ConnectionImpl@7f6b57f2
2023-05-25T19:23:49.366-05:00  INFO 88634 --- [    Test worker] com.zaxxer.hikari.HikariDataSource       : HikariPool-1 - Start completed.
2023-05-25T19:23:49.479-05:00  INFO 88634 --- [    Test worker] SQL dialect                              : HHH000400: Using dialect: org.hibernate.dialect.MySQLDialect
2023-05-25T19:23:50.180-05:00  INFO 88634 --- [    Test worker] o.h.e.t.j.p.i.JtaPlatformInitiator       : HHH000490: Using JtaPlatform implementation: [org.hibernate.engine.transaction.jta.platform.internal.NoJtaPlatform]
2023-05-25T19:23:50.187-05:00  INFO 88634 --- [    Test worker] j.LocalContainerEntityManagerFactoryBean : Initialized JPA EntityManagerFactory for persistence unit 'default'
2023-05-25T19:23:50.834-05:00  WARN 88634 --- [    Test worker] JpaBaseConfiguration$JpaWebConfiguration : spring.jpa.open-in-view is enabled by default. Therefore, database queries may be performed during view rendering. Explicitly configure spring.jpa.open-in-view to disable this warning
2023-05-25T19:23:51.110-05:00  INFO 88634 --- [    Test worker] c.b.prueba.BancoUnionApplicationTests    : Started BancoUnionApplicationTests in 4.46 seconds (process running for 5.665)
]]></system-out>
  <system-err><![CDATA[]]></system-err>
</testsuite>
